<?xml version="1.0" encoding="UTF-8"?>
<!-- Generated by org.testng.reporters.JUnitReportReporter -->
<testsuite hostname="LAPTOP-000QSFU6" failures="0" tests="2" name="Attributes.ThreadPoolSize" time="32.254" errors="0" timestamp="2024-01-31T14:51:58 IST" skipped="0">
  <testcase classname="Attributes.ThreadPoolSize" name="testCase" time="16.706">
    <system-out>
      <![CDATA[Instagram launched successfully]]>
    </system-out>
  </testcase> <!-- testCase -->
  <testcase classname="Attributes.ThreadPoolSize" name="testCase1" time="15.548">
    <system-out>
      <![CDATA[Demowebshop  launched successfully]]>
    </system-out>
  </testcase> <!-- testCase1 -->
  <system-out>
    <![CDATA[Instagram launched successfully
Demowebshop  launched successfully]]>
  </system-out>
</testsuite> <!-- Attributes.ThreadPoolSize -->
