<?xml version="1.0" encoding="UTF-8"?>
<!-- Generated by org.testng.reporters.JUnitReportReporter -->
<testsuite hostname="LAPTOP-000QSFU6" failures="0" tests="1" name="Assertion.AssertEquals" time="42.826" errors="0" timestamp="2024-02-01T15:05:57 IST" skipped="0">
  <testcase classname="Assertion.AssertEquals" name="testCase" time="42.826">
    <system-out>
      <![CDATA[Test Case pass]]>
    </system-out>
  </testcase> <!-- testCase -->
  <system-out>
    <![CDATA[Test Case pass]]>
  </system-out>
</testsuite> <!-- Assertion.AssertEquals -->
