<?xml version="1.0" encoding="UTF-8"?>
<!-- Generated by org.testng.reporters.JUnitReportReporter -->
<testsuite hostname="LAPTOP-000QSFU6" failures="0" tests="2" name="Attributes.Enabled" time="14.570" errors="0" timestamp="2024-01-31T14:57:01 IST" skipped="1">
  <testcase classname="Attributes.Enabled" name="testCase" time="14.570">
    <system-out>
      <![CDATA[Instagram launched successfully]]>
    </system-out>
  </testcase> <!-- testCase -->
  <testcase classname="Attributes.Enabled" name="testCase1">
    <skipped/>
  </testcase> <!-- testCase1 -->
  <system-out>
    <![CDATA[Instagram launched successfully]]>
  </system-out>
</testsuite> <!-- Attributes.Enabled -->
