<?xml version="1.0" encoding="UTF-8"?>
<!-- Generated by org.testng.reporters.JUnitReportReporter -->
<testsuite hostname="LAPTOP-000QSFU6" failures="0" tests="2" name="Practice.To_Open_Browser" time="56.014" errors="0" timestamp="2024-01-30T16:30:15 IST" skipped="0">
  <testcase classname="Practice.To_Open_Browser" name="testCase1" time="27.769"/>
  <testcase classname="Practice.To_Open_Browser" name="testCase" time="28.245"/>
</testsuite> <!-- Practice.To_Open_Browser -->
