<?xml version="1.0" encoding="UTF-8"?>
<!-- Generated by org.testng.reporters.JUnitReportReporter -->
<testsuite hostname="LAPTOP-000QSFU6" failures="0" tests="2" name="Attributes.DependsOn" time="31.938" errors="0" timestamp="2024-01-31T15:52:07 IST" skipped="0">
  <testcase classname="Attributes.DependsOn" name="register" time="10.764">
    <system-out>
      <![CDATA[Instagram opened successfully
Instagram register was successful]]>
    </system-out>
  </testcase> <!-- register -->
  <testcase classname="Attributes.DependsOn" name="login" time="21.174">
    <system-out>
      <![CDATA[Instagram opened successfully
Instagram login successful]]>
    </system-out>
  </testcase> <!-- login -->
  <system-out>
    <![CDATA[Instagram opened successfully
Instagram register was successful
Instagram opened successfully
Instagram login successful]]>
  </system-out>
</testsuite> <!-- Attributes.DependsOn -->
