<?xml version="1.0" encoding="UTF-8"?>
<!-- Generated by org.testng.reporters.JUnitReportReporter -->
<testsuite hostname="LAPTOP-000QSFU6" failures="0" tests="1" name="BatchExecution.ToOpenInstagram" time="29.594" errors="0" timestamp="2024-01-31T16:18:39 IST" skipped="0">
  <testcase classname="BatchExecution.ToOpenInstagram" name="instagram" time="29.594"/>
</testsuite> <!-- BatchExecution.ToOpenInstagram -->
