<?xml version="1.0" encoding="UTF-8"?>
<!-- Generated by org.testng.reporters.JUnitReportReporter -->
<testsuite hostname="LAPTOP-000QSFU6" failures="0" tests="3" name="Data_Driven_Testing.To_Use_ExcelSheet" time="213.698" errors="0" timestamp="2024-02-05T14:15:37 IST" skipped="0">
  <testcase classname="Data_Driven_Testing.To_Use_ExcelSheet" name="logout" time="18.699"/>
  <testcase classname="Data_Driven_Testing.To_Use_ExcelSheet" name="register" time="147.714"/>
  <testcase classname="Data_Driven_Testing.To_Use_ExcelSheet" name="login" time="47.285"/>
</testsuite> <!-- Data_Driven_Testing.To_Use_ExcelSheet -->
