<?xml version="1.0" encoding="UTF-8"?>
<!-- Generated by org.testng.reporters.JUnitReportReporter -->
<testsuite hostname="LAPTOP-000QSFU6" failures="0" tests="4" name="page_Object_Model.Test_Class" time="8.245" errors="0" timestamp="2024-02-09T15:28:46 IST" skipped="0">
  <testcase classname="page_Object_Model.Test_Class" name="login" time="2.109">
    <system-out>
      <![CDATA[Login done]]>
    </system-out>
  </testcase> <!-- login -->
  <testcase classname="page_Object_Model.Test_Class" name="digital_Downloads" time="0.991">
    <system-out>
      <![CDATA[Item added to the cart]]>
    </system-out>
  </testcase> <!-- digital_Downloads -->
  <testcase classname="page_Object_Model.Test_Class" name="shoppingCart" time="2.489"/>
  <testcase classname="page_Object_Model.Test_Class" name="checkout" time="2.656">
    <system-out>
      <![CDATA[Your order has been placed]]>
    </system-out>
  </testcase> <!-- checkout -->
  <system-out>
    <![CDATA[Connection to the server
Connection to the database
Open in the browser
Login done
Logout from the application
Item added to the cart
Logout from the application
Logout from the application
Your order has been placed
Logout from the application
Clone the broswer
Disconnection from DB
Disconnection from the server]]>
  </system-out>
</testsuite> <!-- page_Object_Model.Test_Class -->
