<?xml version="1.0" encoding="UTF-8"?>
<!-- Generated by org.testng.reporters.JUnitReportReporter -->
<testsuite hostname="LAPTOP-000QSFU6" failures="0" tests="1" name="BatchExecution.ToOpenDemowebshop" time="26.881" errors="0" timestamp="2024-01-31T16:18:39 IST" skipped="0">
  <testcase classname="BatchExecution.ToOpenDemowebshop" name="instagram" time="26.881"/>
</testsuite> <!-- BatchExecution.ToOpenDemowebshop -->
