<?xml version="1.0" encoding="UTF-8"?>
<!-- Generated by org.testng.reporters.JUnitReportReporter -->
<testsuite hostname="LAPTOP-000QSFU6" failures="0" tests="1" name="Data_Driven_Testing.Program_Test" time="1.305" errors="0" timestamp="2024-02-05T16:59:08 IST" skipped="0">
  <testcase classname="Data_Driven_Testing.Program_Test" name="testCase" time="1.305">
    <system-out>
      <![CDATA[Himanshu]]>
    </system-out>
  </testcase> <!-- testCase -->
  <system-out>
    <![CDATA[Himanshu]]>
  </system-out>
</testsuite> <!-- Data_Driven_Testing.Program_Test -->
