<?xml version="1.0" encoding="UTF-8"?>
<!-- Generated by org.testng.reporters.JUnitReportReporter -->
<testsuite hostname="LAPTOP-000QSFU6" failures="0" tests="3" name="advanceSelenium.ToLearnDependsOnMethods" time="0.032" errors="0" timestamp="2023-12-26T09:03:36 IST" skipped="0">
  <testcase classname="advanceSelenium.ToLearnDependsOnMethods" name="editAccount" time="0.003">
    <system-out>
      <![CDATA[Account edited successfully]]>
    </system-out>
  </testcase> <!-- editAccount -->
  <testcase classname="advanceSelenium.ToLearnDependsOnMethods" name="createAccount" time="0.023">
    <system-out>
      <![CDATA[Account created successfully]]>
    </system-out>
  </testcase> <!-- createAccount -->
  <testcase classname="advanceSelenium.ToLearnDependsOnMethods" name="deleteAccount" time="0.006">
    <system-out>
      <![CDATA[Account deleted successfully]]>
    </system-out>
  </testcase> <!-- deleteAccount -->
  <system-out>
    <![CDATA[Account created successfully
Account edited successfully
Account deleted successfully]]>
  </system-out>
</testsuite> <!-- advanceSelenium.ToLearnDependsOnMethods -->
