<?xml version="1.0" encoding="UTF-8"?>
<!-- Generated by org.testng.reporters.JUnitReportReporter -->
<testsuite hostname="LAPTOP-000QSFU6" failures="0" tests="1" name="advanceSelenium.ConfigurationAnnotations" time="0.014" errors="0" timestamp="2023-12-28T22:33:00 IST" skipped="0">
  <testcase classname="advanceSelenium.ConfigurationAnnotations" name="test" time="0.014">
    <system-out>
      <![CDATA[Test Script got executed]]>
    </system-out>
  </testcase> <!-- test -->
  <system-out>
    <![CDATA[Before suite got executed
Before test got executed
Before class got executed
Before method got executed
Test Script got executed
After Method got executed
After Class got executed
After Test got executed
After suite got executed]]>
  </system-out>
</testsuite> <!-- advanceSelenium.ConfigurationAnnotations -->
