<?xml version="1.0" encoding="UTF-8"?>
<!-- Generated by org.testng.reporters.JUnitReportReporter -->
<testsuite hostname="LAPTOP-000QSFU6" failures="0" tests="1" name="advanceSelenium.TC_DWS_004" time="6.066" errors="0" timestamp="2023-12-28T23:31:27 IST" skipped="0">
  <testcase classname="advanceSelenium.TC_DWS_004" name="toNavigateToApparelsAndShoesPage" time="6.066">
    <system-out>
      <![CDATA[Navigated to Apparel & Shoes page successfully]]>
    </system-out>
  </testcase> <!-- toNavigateToApparelsAndShoesPage -->
  <system-out>
    <![CDATA[Browser launched successfully
Browser got maximized successfully
Successfully navigated to HomePage
Navigated to My account - Customer info page successfully
Loged out successfully
Browser got closed successfully
Browser launched successfully
Browser got maximized successfully
Successfully navigated to HomePage
Navigated to Gift Cards page successfully
Loged out successfully
Browser got closed successfully
Browser launched successfully
Browser got maximized successfully
Successfully navigated to HomePage
Failed to navigate to Shopping cart page
Loged out successfully
Browser got closed successfully
Browser launched successfully
Browser got maximized successfully
Successfully navigated to HomePage
Navigated to Wishlist page successfully
Loged out successfully
Browser got closed successfully
Browser launched successfully
Browser got maximized successfully
Successfully navigated to HomePage
Navigated to computers page successfully
Loged out successfully
Browser got closed successfully
Browser launched successfully
Browser got maximized successfully
Successfully navigated to HomePage
Navigated to books page successfully
Loged out successfully
Browser got closed successfully
Browser launched successfully
Browser got maximized successfully
Successfully navigated to HomePage
Navigated to Apparel & Shoes page successfully
Loged out successfully
Browser got closed successfully
Browser launched successfully
Browser got maximized successfully
Successfully navigated to HomePage
Navigated to Electronics page successfully
Loged out successfully
Browser got closed successfully
Browser launched successfully
Browser got maximized successfully
Successfully navigated to HomePage
Navigated to Jewelry page successfully
Loged out successfully
Browser got closed successfully
Browser launched successfully
Browser got maximized successfully
Successfully navigated to HomePage
Navigated to Digital downloads page successfully
Loged out successfully
Browser got closed successfully]]>
  </system-out>
</testsuite> <!-- advanceSelenium.TC_DWS_004 -->
