<?xml version="1.0" encoding="UTF-8"?>
<!-- Generated by org.testng.reporters.JUnitReportReporter -->
<testsuite hostname="LAPTOP-000QSFU6" failures="0" tests="1" name="cars.ToLaunchFerrari" time="23.618" errors="0" timestamp="2023-12-27T08:45:53 IST" skipped="0">
  <testcase classname="cars.ToLaunchFerrari" name="ferrari" time="23.618">
    <system-out>
      <![CDATA[Ferrari got launched]]>
    </system-out>
  </testcase> <!-- ferrari -->
  <system-out>
    <![CDATA[Ferrari got launched
Mustang got launched
McLaren got launched]]>
  </system-out>
</testsuite> <!-- cars.ToLaunchFerrari -->
