<?xml version="1.0" encoding="UTF-8"?>
<!-- Generated by org.testng.reporters.JUnitReportReporter -->
<testsuite hostname="LAPTOP-000QSFU6" failures="0" tests="1" name="cars.ToLaunchAudi" time="19.546" errors="0" timestamp="2023-12-27T08:43:59 IST" skipped="0">
  <testcase classname="cars.ToLaunchAudi" name="audi" time="19.546">
    <system-out>
      <![CDATA[Audi got launched]]>
    </system-out>
  </testcase> <!-- audi -->
  <system-out>
    <![CDATA[Ferrari got launched
Mustang got launched
Alpha Romeo got launched
Audi got launched]]>
  </system-out>
</testsuite> <!-- cars.ToLaunchAudi -->
