<?xml version="1.0" encoding="UTF-8"?>
<!-- Generated by org.testng.reporters.JUnitReportReporter -->
<testsuite hostname="LAPTOP-000QSFU6" failures="0" tests="3" name="Assignment.ToLearnTestNg" time="70.762" errors="0" timestamp="2023-12-26T08:36:15 IST" skipped="0">
  <testcase classname="Assignment.ToLearnTestNg" name="cricbuzz" time="15.604">
    <system-out>
      <![CDATA[cricbuzz got executed]]>
    </system-out>
  </testcase> <!-- cricbuzz -->
  <testcase classname="Assignment.ToLearnTestNg" name="amazon" time="26.813">
    <system-out>
      <![CDATA[amazon got executed]]>
    </system-out>
  </testcase> <!-- amazon -->
  <testcase classname="Assignment.ToLearnTestNg" name="amazon" time="28.345">
    <system-out>
      <![CDATA[amazon got executed]]>
    </system-out>
  </testcase> <!-- amazon -->
  <system-out>
    <![CDATA[cricbuzz got executed
amazon got executed
amazon got executed]]>
  </system-out>
</testsuite> <!-- Assignment.ToLearnTestNg -->
