<?xml version="1.0" encoding="UTF-8"?>
<!-- Generated by org.testng.reporters.JUnitReportReporter -->
<testsuite hostname="LAPTOP-000QSFU6" failures="0" tests="1" name="cars.ToLaunchAlphaRomeo" time="69.737" errors="0" timestamp="2023-12-27T08:43:59 IST" skipped="0">
  <testcase classname="cars.ToLaunchAlphaRomeo" name="alphaRomeo" time="69.737">
    <system-out>
      <![CDATA[Alpha Romeo got launched]]>
    </system-out>
  </testcase> <!-- alphaRomeo -->
  <system-out>
    <![CDATA[Ferrari got launched
Mustang got launched
Alpha Romeo got launched
Audi got launched]]>
  </system-out>
</testsuite> <!-- cars.ToLaunchAlphaRomeo -->
