<?xml version="1.0" encoding="UTF-8"?>
<!-- Generated by org.testng.reporters.JUnitReportReporter -->
<testsuite hostname="LAPTOP-000QSFU6" failures="0" tests="1" name="cars.ToLaunchMcLaren" time="28.200" errors="0" timestamp="2023-12-27T08:45:53 IST" skipped="0">
  <testcase classname="cars.ToLaunchMcLaren" name="mcLaren" time="28.200">
    <system-out>
      <![CDATA[McLaren got launched]]>
    </system-out>
  </testcase> <!-- mcLaren -->
  <system-out>
    <![CDATA[Ferrari got launched
Mustang got launched
McLaren got launched]]>
  </system-out>
</testsuite> <!-- cars.ToLaunchMcLaren -->
