<?xml version="1.0" encoding="UTF-8"?>
<!-- Generated by org.testng.reporters.JUnitReportReporter -->
<testsuite hostname="LAPTOP-000QSFU6" failures="0" tests="1" name="cars.ToLaunchMustang" time="23.566" errors="0" timestamp="2023-12-27T08:45:53 IST" skipped="0">
  <testcase classname="cars.ToLaunchMustang" name="mustang" time="23.566">
    <system-out>
      <![CDATA[Mustang got launched]]>
    </system-out>
  </testcase> <!-- mustang -->
  <system-out>
    <![CDATA[Ferrari got launched
Mustang got launched
McLaren got launched]]>
  </system-out>
</testsuite> <!-- cars.ToLaunchMustang -->
